03/12/2024 8:11:13 pm	This log contains information about the import schema operation into project 'BookingDb' on computer 'LAPTOP-R4T1CH5E' by user '63966'.
03/12/2024 8:11:13 pm	Import of database schema has started.
03/12/2024 8:11:30 pm	Gathering database credentials
03/12/2024 8:11:30 pm	Gathering database options
03/12/2024 8:11:30 pm	Gathering generic database scoped configuration option
03/12/2024 8:11:30 pm	Gathering users
03/12/2024 8:11:30 pm	Gathering roles
03/12/2024 8:11:30 pm	Gathering application roles
03/12/2024 8:11:30 pm	Gathering role memberships
03/12/2024 8:11:30 pm	Gathering filegroups
03/12/2024 8:11:30 pm	Gathering full-text catalogs
03/12/2024 8:11:30 pm	Gathering assemblies
03/12/2024 8:11:30 pm	Gathering certificates
03/12/2024 8:11:30 pm	Gathering asymmetric keys
03/12/2024 8:11:30 pm	Gathering symmetric keys
03/12/2024 8:11:30 pm	Gathering encrypted symmetric keys
03/12/2024 8:11:30 pm	Gathering schemas
03/12/2024 8:11:30 pm	Gathering XML schema collections
03/12/2024 8:11:30 pm	Gathering user-defined data types
03/12/2024 8:11:30 pm	Gathering user-defined types
03/12/2024 8:11:30 pm	Gathering table types
03/12/2024 8:11:30 pm	Gathering unique keys for table types
03/12/2024 8:11:30 pm	Gathering primary keys for table types
03/12/2024 8:11:52 pm	Gathering indexes for table types
03/12/2024 8:11:52 pm	Gathering check constraints for table types
03/12/2024 8:11:52 pm	Gathering default constraints for table types
03/12/2024 8:11:52 pm	Gathering partition functions
03/12/2024 8:11:52 pm	Gathering partition schemes
03/12/2024 8:11:52 pm	Gathering functions
03/12/2024 8:11:52 pm	Gathering encrypted functions
03/12/2024 8:11:52 pm	Gathering aggregates
03/12/2024 8:11:52 pm	Gathering procedures
03/12/2024 8:11:52 pm	Gathering encrypted procedures
03/12/2024 8:11:52 pm	Gathering tables
03/12/2024 8:12:47 pm	Gathering primary keys
03/12/2024 8:12:47 pm	Gathering unique constraints
03/12/2024 8:13:12 pm	Gathering foreign keys
03/12/2024 8:13:12 pm	Gathering default constraints
03/12/2024 8:13:12 pm	Gathering check constraints
03/12/2024 8:13:12 pm	Gathering views
03/12/2024 8:13:12 pm	Gathering encrypted views
03/12/2024 8:13:12 pm	Gathering indexes
03/12/2024 8:13:12 pm	Gathering statistics
03/12/2024 8:13:12 pm	Gathering full-text index stoplists
03/12/2024 8:13:12 pm	Gathering search property lists
03/12/2024 8:13:12 pm	Gathering search properties
03/12/2024 8:13:12 pm	Gathering full-text indexes
03/12/2024 8:13:12 pm	Gathering column store indexes
03/12/2024 8:13:12 pm	Gathering spatial indexes
03/12/2024 8:13:12 pm	Gathering XML indexes
03/12/2024 8:13:12 pm	Gathering Selective XML indexes
03/12/2024 8:13:12 pm	Gathering encrypted triggers
03/12/2024 8:13:12 pm	Gathering triggers
03/12/2024 8:13:12 pm	Gathering encrypted and clr ddl triggers
03/12/2024 8:13:12 pm	Gathering ddl triggers
03/12/2024 8:13:12 pm	Creating edge constraints
03/12/2024 8:14:03 pm	Gathering synonyms
03/12/2024 8:14:03 pm	Gathering defaults
03/12/2024 8:14:03 pm	Gathering data constraint uddt bindings
03/12/2024 8:14:03 pm	Gathering rules
03/12/2024 8:14:03 pm	Gathering data constraint uddt bindings
03/12/2024 8:14:03 pm	Gathering message types
03/12/2024 8:14:03 pm	Gathering queues
03/12/2024 8:14:03 pm	Gathering contracts
03/12/2024 8:14:03 pm	Gathering services
03/12/2024 8:14:03 pm	Gathering event notifications
03/12/2024 8:14:03 pm	Gathering remote service bindings
03/12/2024 8:14:03 pm	Gathering broker priorities
03/12/2024 8:14:03 pm	Gathering signatures
03/12/2024 8:14:03 pm	Gathering compression options
03/12/2024 8:14:03 pm	Gathering sequence types
03/12/2024 8:14:03 pm	Gathering security policies
03/12/2024 8:14:03 pm	Gather column encryption keys
03/12/2024 8:14:03 pm	Gathering column master keys
03/12/2024 8:14:03 pm	Gathering external data sources
03/12/2024 8:14:03 pm	Gathering external file formats
03/12/2024 8:14:03 pm	Gathering external tables
03/12/2024 8:14:03 pm	Gathering XML index compression options
03/12/2024 8:14:03 pm	Gathering extended properties
03/12/2024 8:14:03 pm	Gathering assemblies
03/12/2024 8:14:03 pm	Gathering credentials
03/12/2024 8:14:03 pm	Gathering logins
03/12/2024 8:14:03 pm	Gathering server audits
03/12/2024 8:14:03 pm	Scanning project for duplicate elements
03/12/2024 8:14:04 pm	Finished duplicate element processing
03/12/2024 8:14:04 pm	Finished importing database.
03/12/2024 8:14:04 pm	A summary of the import was saved to the following location: C:\ASP Web API Projects\AspIdentityMinimalApi\BookingDb\Import Schema Logs\BookingDb_20241203121113.log
03/12/2024 8:14:04 pm	Click Finish to continue...
