12/12/2024 3:30:28 PM	This log contains information about the import schema operation into project 'HaBHADb' on computer 'DESKTOP-NNRFU9R' by user 'jayve'.
12/12/2024 3:30:28 PM	Import of database schema has started.
12/12/2024 3:30:44 PM	Gathering database credentials
12/12/2024 3:30:44 PM	Gathering database options
12/12/2024 3:30:44 PM	Gathering generic database scoped configuration option
12/12/2024 3:30:44 PM	Gathering users
12/12/2024 3:30:44 PM	Gathering roles
12/12/2024 3:30:44 PM	Gathering application roles
12/12/2024 3:30:44 PM	Gathering role memberships
12/12/2024 3:30:44 PM	Gathering filegroups
12/12/2024 3:30:44 PM	Gathering full-text catalogs
12/12/2024 3:30:44 PM	Gathering assemblies
12/12/2024 3:30:44 PM	Gathering certificates
12/12/2024 3:30:44 PM	Gathering asymmetric keys
12/12/2024 3:30:44 PM	Gathering symmetric keys
12/12/2024 3:30:44 PM	Gathering encrypted symmetric keys
12/12/2024 3:30:44 PM	Gathering schemas
12/12/2024 3:30:44 PM	Gathering XML schema collections
12/12/2024 3:30:44 PM	Gathering user-defined data types
12/12/2024 3:30:44 PM	Gathering user-defined types
12/12/2024 3:30:44 PM	Gathering table types
12/12/2024 3:30:44 PM	Gathering unique keys for table types
12/12/2024 3:30:44 PM	Gathering primary keys for table types
12/12/2024 3:30:47 PM	Gathering indexes for table types
12/12/2024 3:30:47 PM	Gathering check constraints for table types
12/12/2024 3:30:47 PM	Gathering default constraints for table types
12/12/2024 3:30:47 PM	Gathering partition functions
12/12/2024 3:30:47 PM	Gathering partition schemes
12/12/2024 3:30:47 PM	Gathering functions
12/12/2024 3:30:47 PM	Gathering encrypted functions
12/12/2024 3:30:47 PM	Gathering aggregates
12/12/2024 3:30:47 PM	Gathering procedures
12/12/2024 3:30:47 PM	Gathering encrypted procedures
12/12/2024 3:30:47 PM	Gathering tables
12/12/2024 3:31:42 PM	Gathering primary keys
12/12/2024 3:32:07 PM	Gathering unique constraints
12/12/2024 3:32:07 PM	Gathering foreign keys
12/12/2024 3:32:32 PM	Gathering default constraints
12/12/2024 3:32:32 PM	Gathering check constraints
12/12/2024 3:32:32 PM	Gathering views
12/12/2024 3:32:32 PM	Gathering encrypted views
12/12/2024 3:32:32 PM	Gathering indexes
12/12/2024 3:32:32 PM	Gathering statistics
12/12/2024 3:32:32 PM	Gathering full-text index stoplists
12/12/2024 3:32:32 PM	Gathering search property lists
12/12/2024 3:32:32 PM	Gathering search properties
12/12/2024 3:32:32 PM	Gathering full-text indexes
12/12/2024 3:32:32 PM	Gathering column store indexes
12/12/2024 3:32:32 PM	Gathering spatial indexes
12/12/2024 3:32:32 PM	Gathering XML indexes
12/12/2024 3:32:32 PM	Gathering Selective XML indexes
12/12/2024 3:33:23 PM	Gathering encrypted triggers
12/12/2024 3:33:23 PM	Gathering triggers
12/12/2024 3:33:23 PM	Gathering encrypted and clr ddl triggers
12/12/2024 3:33:23 PM	Gathering ddl triggers
12/12/2024 3:33:23 PM	Creating edge constraints
12/12/2024 3:33:23 PM	Gathering synonyms
12/12/2024 3:33:23 PM	Gathering defaults
12/12/2024 3:33:23 PM	Gathering data constraint uddt bindings
12/12/2024 3:33:23 PM	Gathering rules
12/12/2024 3:33:23 PM	Gathering data constraint uddt bindings
12/12/2024 3:33:23 PM	Gathering message types
12/12/2024 3:33:23 PM	Gathering queues
12/12/2024 3:33:23 PM	Gathering contracts
12/12/2024 3:33:23 PM	Gathering services
12/12/2024 3:33:23 PM	Gathering event notifications
12/12/2024 3:33:23 PM	Gathering remote service bindings
12/12/2024 3:33:23 PM	Gathering broker priorities
12/12/2024 3:33:23 PM	Gathering signatures
12/12/2024 3:33:23 PM	Gathering compression options
12/12/2024 3:33:23 PM	Gathering sequence types
12/12/2024 3:33:23 PM	Gathering security policies
12/12/2024 3:33:23 PM	Gather column encryption keys
12/12/2024 3:33:23 PM	Gathering column master keys
12/12/2024 3:33:23 PM	Gathering external data sources
12/12/2024 3:33:23 PM	Gathering external file formats
12/12/2024 3:33:23 PM	Gathering external tables
12/12/2024 3:33:23 PM	Gathering XML index compression options
12/12/2024 3:33:23 PM	Gathering extended properties
12/12/2024 3:33:24 PM	Gathering assemblies
12/12/2024 3:33:24 PM	Gathering credentials
12/12/2024 3:33:24 PM	Gathering logins
12/12/2024 3:33:24 PM	Gathering server audits
12/12/2024 3:33:24 PM	Scanning project for duplicate elements
12/12/2024 3:33:24 PM	Finished duplicate element processing
12/12/2024 3:33:26 PM	Finished importing database.
12/12/2024 3:33:26 PM	A summary of the import was saved to the following location: C:\Users\jayve\Desktop\capstone\Caps102\HaBHA.AspWebServer\HaBHADb\Import Schema Logs\HaBHADb_20241212113028.log
12/12/2024 3:33:26 PM	Click Finish to continue...
