13/12/2024 3:40:52 pm	This log contains information about the import schema operation into project 'HaBHABookingDb' on computer 'LAPTOP-R4T1CH5E' by user '63966'.
13/12/2024 3:40:52 pm	Import of database schema has started.
13/12/2024 3:40:57 pm	Gathering database credentials
13/12/2024 3:40:57 pm	Gathering database options
13/12/2024 3:40:57 pm	Gathering generic database scoped configuration option
13/12/2024 3:40:57 pm	Gathering users
13/12/2024 3:40:57 pm	Gathering roles
13/12/2024 3:40:57 pm	Gathering application roles
13/12/2024 3:40:57 pm	Gathering role memberships
13/12/2024 3:40:57 pm	Gathering filegroups
13/12/2024 3:40:57 pm	Gathering full-text catalogs
13/12/2024 3:40:57 pm	Gathering assemblies
13/12/2024 3:40:57 pm	Gathering certificates
13/12/2024 3:40:57 pm	Gathering asymmetric keys
13/12/2024 3:40:57 pm	Gathering symmetric keys
13/12/2024 3:40:57 pm	Gathering encrypted symmetric keys
13/12/2024 3:40:57 pm	Gathering schemas
13/12/2024 3:40:57 pm	Gathering XML schema collections
13/12/2024 3:40:57 pm	Gathering user-defined data types
13/12/2024 3:40:57 pm	Gathering user-defined types
13/12/2024 3:40:57 pm	Gathering table types
13/12/2024 3:40:57 pm	Gathering unique keys for table types
13/12/2024 3:40:57 pm	Gathering primary keys for table types
13/12/2024 3:40:57 pm	Gathering indexes for table types
13/12/2024 3:40:57 pm	Gathering check constraints for table types
13/12/2024 3:40:57 pm	Gathering default constraints for table types
13/12/2024 3:40:57 pm	Gathering partition functions
13/12/2024 3:40:57 pm	Gathering partition schemes
13/12/2024 3:40:57 pm	Gathering functions
13/12/2024 3:40:57 pm	Gathering encrypted functions
13/12/2024 3:40:57 pm	Gathering aggregates
13/12/2024 3:40:57 pm	Gathering procedures
13/12/2024 3:40:57 pm	Gathering encrypted procedures
13/12/2024 3:40:57 pm	Gathering tables
13/12/2024 3:40:58 pm	Gathering primary keys
13/12/2024 3:40:58 pm	Gathering unique constraints
13/12/2024 3:40:58 pm	Gathering foreign keys
13/12/2024 3:40:58 pm	Gathering default constraints
13/12/2024 3:40:58 pm	Gathering check constraints
13/12/2024 3:40:58 pm	Gathering views
13/12/2024 3:40:58 pm	Gathering encrypted views
13/12/2024 3:40:58 pm	Gathering indexes
13/12/2024 3:40:58 pm	Gathering statistics
13/12/2024 3:40:58 pm	Gathering full-text index stoplists
13/12/2024 3:40:58 pm	Gathering search property lists
13/12/2024 3:40:58 pm	Gathering search properties
13/12/2024 3:40:58 pm	Gathering full-text indexes
13/12/2024 3:40:58 pm	Gathering column store indexes
13/12/2024 3:40:58 pm	Gathering spatial indexes
13/12/2024 3:40:58 pm	Gathering XML indexes
13/12/2024 3:40:58 pm	Gathering Selective XML indexes
13/12/2024 3:40:58 pm	Gathering encrypted triggers
13/12/2024 3:40:58 pm	Gathering triggers
13/12/2024 3:40:58 pm	Gathering encrypted and clr ddl triggers
13/12/2024 3:40:58 pm	Gathering ddl triggers
13/12/2024 3:40:58 pm	Creating edge constraints
13/12/2024 3:40:58 pm	Gathering synonyms
13/12/2024 3:40:58 pm	Gathering defaults
13/12/2024 3:40:58 pm	Gathering data constraint uddt bindings
13/12/2024 3:40:58 pm	Gathering rules
13/12/2024 3:40:58 pm	Gathering data constraint uddt bindings
13/12/2024 3:40:58 pm	Gathering message types
13/12/2024 3:40:58 pm	Gathering queues
13/12/2024 3:40:58 pm	Gathering contracts
13/12/2024 3:40:58 pm	Gathering services
13/12/2024 3:40:58 pm	Gathering event notifications
13/12/2024 3:40:58 pm	Gathering remote service bindings
13/12/2024 3:40:58 pm	Gathering broker priorities
13/12/2024 3:40:58 pm	Gathering signatures
13/12/2024 3:40:58 pm	Gathering compression options
13/12/2024 3:40:58 pm	Gathering sequence types
13/12/2024 3:40:58 pm	Gathering security policies
13/12/2024 3:40:58 pm	Gather column encryption keys
13/12/2024 3:40:58 pm	Gathering column master keys
13/12/2024 3:40:58 pm	Gathering external data sources
13/12/2024 3:40:58 pm	Gathering external file formats
13/12/2024 3:40:58 pm	Gathering external tables
13/12/2024 3:40:58 pm	Gathering XML index compression options
13/12/2024 3:40:58 pm	Gathering extended properties
13/12/2024 3:40:58 pm	Gathering assemblies
13/12/2024 3:40:58 pm	Gathering credentials
13/12/2024 3:40:58 pm	Gathering logins
13/12/2024 3:40:58 pm	Gathering server audits
13/12/2024 3:40:58 pm	Scanning project for duplicate elements
13/12/2024 3:40:58 pm	Finished duplicate element processing
13/12/2024 3:40:59 pm	Finished importing database.
13/12/2024 3:40:59 pm	A summary of the import was saved to the following location: C:\ASP Web API Projects\AspIdentityMinimalApi\HaBHABookingDb\Import Schema Logs\HaBHABookingDb_20241213074052.log
13/12/2024 3:40:59 pm	Click Finish to continue...
