08/12/2024 9:48:10 am	This log contains information about the import schema operation into project 'BookingDb' on computer 'LAPTOP-R4T1CH5E' by user '63966'.
08/12/2024 9:48:11 am	Import of database schema has started.
08/12/2024 9:48:30 am	Gathering database credentials
08/12/2024 9:48:30 am	Gathering database options
08/12/2024 9:48:30 am	Gathering generic database scoped configuration option
08/12/2024 9:48:30 am	Gathering users
08/12/2024 9:48:30 am	Gathering roles
08/12/2024 9:48:30 am	Gathering application roles
08/12/2024 9:48:30 am	Gathering role memberships
08/12/2024 9:48:30 am	Gathering filegroups
08/12/2024 9:48:30 am	Gathering full-text catalogs
08/12/2024 9:48:30 am	Gathering assemblies
08/12/2024 9:48:30 am	Gathering certificates
08/12/2024 9:48:30 am	Gathering asymmetric keys
08/12/2024 9:48:30 am	Gathering symmetric keys
08/12/2024 9:48:30 am	Gathering encrypted symmetric keys
08/12/2024 9:48:30 am	Gathering schemas
08/12/2024 9:48:30 am	Gathering XML schema collections
08/12/2024 9:48:30 am	Gathering user-defined data types
08/12/2024 9:48:30 am	Gathering user-defined types
08/12/2024 9:48:30 am	Gathering table types
08/12/2024 9:48:30 am	Gathering unique keys for table types
08/12/2024 9:48:30 am	Gathering primary keys for table types
08/12/2024 9:48:31 am	Gathering indexes for table types
08/12/2024 9:48:31 am	Gathering check constraints for table types
08/12/2024 9:48:31 am	Gathering default constraints for table types
08/12/2024 9:48:31 am	Gathering partition functions
08/12/2024 9:48:31 am	Gathering partition schemes
08/12/2024 9:48:31 am	Gathering functions
08/12/2024 9:48:31 am	Gathering encrypted functions
08/12/2024 9:48:31 am	Gathering aggregates
08/12/2024 9:48:31 am	Gathering procedures
08/12/2024 9:48:31 am	Gathering encrypted procedures
08/12/2024 9:48:31 am	Gathering tables
08/12/2024 9:49:00 am	Gathering primary keys
08/12/2024 9:49:00 am	Gathering unique constraints
08/12/2024 9:49:00 am	Gathering foreign keys
08/12/2024 9:49:00 am	Gathering default constraints
08/12/2024 9:49:00 am	Gathering check constraints
08/12/2024 9:49:00 am	Gathering views
08/12/2024 9:49:00 am	Gathering encrypted views
08/12/2024 9:49:00 am	Gathering indexes
08/12/2024 9:49:00 am	Gathering statistics
08/12/2024 9:49:00 am	Gathering full-text index stoplists
08/12/2024 9:49:00 am	Gathering search property lists
08/12/2024 9:49:00 am	Gathering search properties
08/12/2024 9:49:00 am	Gathering full-text indexes
08/12/2024 9:49:00 am	Gathering column store indexes
08/12/2024 9:49:00 am	Gathering spatial indexes
08/12/2024 9:49:00 am	Gathering XML indexes
08/12/2024 9:49:00 am	Gathering Selective XML indexes
08/12/2024 9:49:00 am	Gathering encrypted triggers
08/12/2024 9:49:00 am	Gathering triggers
08/12/2024 9:49:00 am	Gathering encrypted and clr ddl triggers
08/12/2024 9:49:00 am	Gathering ddl triggers
08/12/2024 9:49:00 am	Creating edge constraints
08/12/2024 9:49:01 am	Gathering synonyms
08/12/2024 9:49:01 am	Gathering defaults
08/12/2024 9:49:01 am	Gathering data constraint uddt bindings
08/12/2024 9:49:01 am	Gathering rules
08/12/2024 9:49:01 am	Gathering data constraint uddt bindings
08/12/2024 9:49:01 am	Gathering message types
08/12/2024 9:49:01 am	Gathering queues
08/12/2024 9:49:01 am	Gathering contracts
08/12/2024 9:49:01 am	Gathering services
08/12/2024 9:49:01 am	Gathering event notifications
08/12/2024 9:49:01 am	Gathering remote service bindings
08/12/2024 9:49:01 am	Gathering broker priorities
08/12/2024 9:49:01 am	Gathering signatures
08/12/2024 9:49:01 am	Gathering compression options
08/12/2024 9:49:01 am	Gathering sequence types
08/12/2024 9:49:01 am	Gathering security policies
08/12/2024 9:49:01 am	Gather column encryption keys
08/12/2024 9:49:01 am	Gathering column master keys
08/12/2024 9:49:01 am	Gathering external data sources
08/12/2024 9:49:01 am	Gathering external file formats
08/12/2024 9:49:01 am	Gathering external tables
08/12/2024 9:49:01 am	Gathering XML index compression options
08/12/2024 9:49:01 am	Gathering extended properties
08/12/2024 9:49:01 am	Gathering assemblies
08/12/2024 9:49:01 am	Gathering credentials
08/12/2024 9:49:01 am	Gathering logins
08/12/2024 9:49:01 am	Gathering server audits
08/12/2024 9:49:02 am	Scanning project for duplicate elements
08/12/2024 9:49:02 am	Finished duplicate element processing
08/12/2024 9:49:02 am	Finished importing database.
08/12/2024 9:49:02 am	A summary of the import was saved to the following location: C:\ASP Web API Projects\AspIdentityMinimalApi\BookingDb\Import Schema Logs\BookingDb_20241208014810.log
08/12/2024 9:49:02 am	Click Finish to continue...
